<?xml version="1.0" encoding="UTF-8"?>
<!-- Generated by org.testng.reporters.JUnitXMLReporter -->
<testsuite ignored="0" hostname="LAPTOP-5L3M2G1P" failures="3" tests="3" name="Default test" time="25.483" errors="0" timestamp="2024-09-26T15:43:13 IST">
  <testcase classname="io.cucumber.testng.AbstractTestNGCucumberTests" name="runScenario" time="0.247">
    <failure type="java.lang.NullPointerException" message="Cannot invoke &amp;quot;javaSeleniumFreamwork.freamwork.LoginPage.loginViaUserDetails(String, String)&amp;quot; because &amp;quot;this.lop&amp;quot; is null">
      <![CDATA[java.lang.NullPointerException: Cannot invoke "javaSeleniumFreamwork.freamwork.LoginPage.loginViaUserDetails(String, String)" because "this.lop" is null
at Selenium.Step_Defination.E2ETest.login(E2ETest.java:43)
at ✽.login with username Sam@1.com and password 12345(file:///C:/Users/shubh/eclipse-workspace/freamwork/src/test/java/Selenium/Cucumber/FirstTestcase.feature:7)
]]>
    </failure>
  </testcase> <!-- runScenario -->
  <testcase classname="io.cucumber.testng.AbstractTestNGCucumberTests" name="runScenario" time="15.126">
    <failure type="java.lang.NullPointerException" message="Cannot invoke &amp;quot;org.openqa.selenium.WebDriver.getCurrentUrl()&amp;quot; because &amp;quot;this.driver&amp;quot; is null">
      <![CDATA[java.lang.NullPointerException: Cannot invoke "org.openqa.selenium.WebDriver.getCurrentUrl()" because "this.driver" is null
at Selenium.Step_Defination.invalidTestCase.vary(invalidTestCase.java:15)
at ✽.I verify details valid or not(file:///C:/Users/shubh/eclipse-workspace/freamwork/src/test/java/Selenium/Cucumber/secondTest.feature:6)
]]>
    </failure>
  </testcase> <!-- runScenario -->
  <testcase classname="io.cucumber.testng.AbstractTestNGCucumberTests" name="runScenario" time="8.773">
    <failure type="java.lang.NullPointerException" message="Cannot invoke &amp;quot;org.openqa.selenium.WebDriver.getCurrentUrl()&amp;quot; because &amp;quot;this.driver&amp;quot; is null">
      <![CDATA[java.lang.NullPointerException: Cannot invoke "org.openqa.selenium.WebDriver.getCurrentUrl()" because "this.driver" is null
at Selenium.Step_Defination.invalidTestCase.vary(invalidTestCase.java:15)
at ✽.I verify details valid or not(file:///C:/Users/shubh/eclipse-workspace/freamwork/src/test/java/Selenium/Cucumber/secondTest.feature:6)
]]>
    </failure>
  </testcase> <!-- runScenario -->
</testsuite> <!-- Default test -->
