<?xml version="1.0" encoding="UTF-8"?>
<!-- Generated by org.testng.reporters.JUnitXMLReporter -->
<testsuite ignored="0" hostname="LAPTOP-5L3M2G1P" failures="1" tests="3" name="Test" time="44.811" errors="0" timestamp="2024-08-31T13:08:17 IST">
  <testcase classname="javaSeleniumFreamwork.freamwork.SecondTestCase" name="verifyLoginSecondTestCase" time="13.123"/>
  <testcase classname="javaSeleniumFreamwork.freamwork.SecondTestCase" name="verifyLoginSecondTestCase" time="13.234"/>
  <testcase classname="javaSeleniumFreamwork.freamwork.FirstTest" name="test" time="16.839">
    <failure type="java.lang.AssertionError" message="The following asserts failed:
	expected [$196.00] but found [$5,488.00]">
      <![CDATA[java.lang.AssertionError: The following asserts failed:
expected [$196.00] but found [$5,488.00]
at javaSeleniumFreamwork.freamwork.FirstTest.test(FirstTest.java:55)
at java.base/java.util.ArrayList.forEach(ArrayList.java:1596)
... Removed 27 stack frames]]>
    </failure>
  </testcase> <!-- test -->
</testsuite> <!-- Test -->
