<?xml version="1.0" encoding="UTF-8"?>
<!-- Generated by org.testng.reporters.JUnitReportReporter -->
<testsuite hostname="LAPTOP-5L3M2G1P" failures="0" tests="3" name="Selenium.Cucumber.E2ETestRunner" time="24.146" errors="3" timestamp="2024-09-26T15:43:13 IST" skipped="0">
  <testcase classname="Selenium.Cucumber.E2ETestRunner" name="runScenario" time="8.773">
    <error message="Cannot invoke &quot;org.openqa.selenium.WebDriver.getCurrentUrl()&quot; because &quot;this.driver&quot; is null" type="java.lang.NullPointerException">
      <![CDATA[java.lang.NullPointerException: Cannot invoke "org.openqa.selenium.WebDriver.getCurrentUrl()" because "this.driver" is null
at Selenium.Step_Defination.invalidTestCase.vary(invalidTestCase.java:15)
at ✽.I verify details valid or not(file:///C:/Users/shubh/eclipse-workspace/freamwork/src/test/java/Selenium/Cucumber/secondTest.feature:6)
]]>
    </error>
  </testcase> <!-- runScenario -->
  <system-out/>
  <testcase classname="Selenium.Cucumber.E2ETestRunner" name="runScenario" time="0.247">
    <error message="Cannot invoke &quot;javaSeleniumFreamwork.freamwork.LoginPage.loginViaUserDetails(String, String)&quot; because &quot;this.lop&quot; is null" type="java.lang.NullPointerException">
      <![CDATA[java.lang.NullPointerException: Cannot invoke "javaSeleniumFreamwork.freamwork.LoginPage.loginViaUserDetails(String, String)" because "this.lop" is null
at Selenium.Step_Defination.E2ETest.login(E2ETest.java:43)
at ✽.login with username Sam@1.com and password 12345(file:///C:/Users/shubh/eclipse-workspace/freamwork/src/test/java/Selenium/Cucumber/FirstTestcase.feature:7)
]]>
    </error>
  </testcase> <!-- runScenario -->
  <system-out/>
  <testcase classname="Selenium.Cucumber.E2ETestRunner" name="runScenario" time="15.126">
    <error message="Cannot invoke &quot;org.openqa.selenium.WebDriver.getCurrentUrl()&quot; because &quot;this.driver&quot; is null" type="java.lang.NullPointerException">
      <![CDATA[java.lang.NullPointerException: Cannot invoke "org.openqa.selenium.WebDriver.getCurrentUrl()" because "this.driver" is null
at Selenium.Step_Defination.invalidTestCase.vary(invalidTestCase.java:15)
at ✽.I verify details valid or not(file:///C:/Users/shubh/eclipse-workspace/freamwork/src/test/java/Selenium/Cucumber/secondTest.feature:6)
]]>
    </error>
  </testcase> <!-- runScenario -->
  <system-out/>
</testsuite> <!-- Selenium.Cucumber.E2ETestRunner -->
